<?xml version="1.0" encoding="UTF-8"?>
<!-- Generated by org.testng.reporters.JUnitXMLReporter -->
<testsuite ignored="1" hostname="DESKTOP-4DE5P58" failures="1" tests="1" name="Test" time="6.233" errors="0" timestamp="2022-07-01T09:01:52 IST">
  <testcase classname="tests.LoginTest" name="Validate_TopMenuLinks" time="0.576">
    <failure type="java.lang.AssertionError" message="expected [true] but found [false]">
      <![CDATA[java.lang.AssertionError: expected [true] but found [false]
at tests.LoginTest.Validate_TopMenuLinks(LoginTest.java:70)
at java.base/java.util.ArrayList.forEach(ArrayList.java:1511)
... Removed 31 stack frames]]>
    </failure>
  </testcase> <!-- Validate_TopMenuLinks -->
  <testcase classname="tests.LoginTest" name="Validate_LoginTest" time="0.0">
    <ignored/>
  </testcase> <!-- Validate_LoginTest -->
</testsuite> <!-- Test -->
