<?xml version="1.0" encoding="UTF-8"?>
<!-- Generated by org.testng.reporters.JUnitXMLReporter -->
<testsuite ignored="1" hostname="DESKTOP-4DE5P58" failures="1" tests="2" name="ChromeTest" time="10.133" errors="0" timestamp="2022-07-01T11:11:03 IST">
  <testcase classname="tests.LoginTest" name="RegisterUser" time="0.0"/>
  <testcase classname="tests.LoginTest" name="Validate_LoginTest" time="5.466">
    <failure type="java.lang.AssertionError" message="expected [tester] but found [test]">
      <![CDATA[java.lang.AssertionError: expected [tester] but found [test]
at tests.LoginTest.Validate_LoginTest(LoginTest.java:49)
at java.base/java.util.ArrayList.forEach(ArrayList.java:1511)
... Removed 37 stack frames]]>
    </failure>
  </testcase> <!-- Validate_LoginTest -->
  <testcase classname="tests.LoginTest" name="Validate_TopMenuLinks" time="0.0">
    <ignored/>
  </testcase> <!-- Validate_TopMenuLinks -->
</testsuite> <!-- ChromeTest -->
